<?xml version="1.0" encoding="UTF-8"?>
<testsuite name="BoxTest" tests="1" skipped="0" failures="0" errors="0" timestamp="2023-04-10T17:10:02" hostname="appledeMacBook-Air-2.local" time="0.037">
  <properties/>
  <testcase name="testBox()" classname="BoxTest" time="0.037"/>
  <system-out><![CDATA[]]></system-out>
  <system-err><![CDATA[]]></system-err>
</testsuite>
